<?xml version="1.0" encoding="UTF-8"?>
<!-- Generated by org.testng.reporters.JUnitXMLReporter -->
<testsuite hostname="IND03390" ignored="0" name="Test" tests="4" failures="0" timestamp="15 Jan 2019 14:29:19 GMT" time="134.473" errors="0">
  <testcase name="login" time="68.742" classname="src.com.salesforce.SingleRun.MVRTest_SingleRun_ClmRteDevEnv"/>
  <testcase name="clmPresentationMetadataReport" time="6.167" classname="src.com.salesforce.SingleRun.MVRTest_SingleRun_ClmRteDevEnv"/>
  <testcase name="keyMessageMetadataReport" time="40.949" classname="src.com.salesforce.SingleRun.MVRTest_SingleRun_ClmRteDevEnv"/>
  <testcase name="sendEmailTest" time="7.51" classname="src.com.salesforce.SingleRun.MVRTest_SingleRun_ClmRteDevEnv"/>
</testsuite> <!-- Test -->
