<?xml version="1.0" encoding="UTF-8"?>
<testsuite xmlns:xsi="http://www.w3.org/2001/XMLSchema-instance" xsi:noNamespaceSchemaLocation="https://maven.apache.org/surefire/maven-surefire-plugin/xsd/surefire-test-report-3.0.xsd" version="3.0" name="TestSuite" time="269.63" tests="4" errors="0" skipped="0" failures="0">
  <properties>
[...]
</properties>
  <testcase name="login" classname="src.com.salesforce.SingleRun.MVRTest_SingleRun_ClmRteDevEnv" time="45.102"/>
  <testcase name="clmPresentationMetadataReport" classname="src.com.salesforce.SingleRun.MVRTest_SingleRun_ClmRteDevEnv" time="10.62"/>
  <testcase name="keyMessageMetadataReport" classname="src.com.salesforce.SingleRun.MVRTest_SingleRun_ClmRteDevEnv" time="201.36"/>
  <testcase name="sendEmailTest" classname="src.com.salesforce.SingleRun.MVRTest_SingleRun_ClmRteDevEnv" time="3.85"/>
</testsuite>